<?xml version="1.0" encoding="utf-8"?><testsuites name="pytest tests"><testsuite name="pytest" errors="0" failures="0" skipped="2" tests="17" time="4.783" timestamp="2026-02-12T18:31:18.812792+00:00" hostname="agent-env-fd1982ab-ebd0-4534-8af7-fc4152e7c019"><testcase classname="backend.tests.test_gogo_points.TestGogoPointsSystem" name="test_new_user_registration_gives_1000_points" time="0.305" /><testcase classname="backend.tests.test_gogo_points.TestGogoPointsSystem" name="test_get_user_points_endpoint" time="0.280" /><testcase classname="backend.tests.test_gogo_points.TestGogoPointsSystem" name="test_auth_me_returns_gogo_points" time="0.277" /><testcase classname="backend.tests.test_gogo_points.TestGogoPointsSystem" name="test_get_transactions_endpoint" time="0.328" /><testcase classname="backend.tests.test_gogo_points.TestGogoPointsSystem" name="test_registration_bonus_transaction_recorded" time="0.330" /><testcase classname="backend.tests.test_gogo_points.TestGogoPointsSystem" name="test_transfer_points_validation_amount_zero" time="0.274" /><testcase classname="backend.tests.test_gogo_points.TestGogoPointsSystem" name="test_transfer_points_validation_negative_amount" time="0.274" /><testcase classname="backend.tests.test_gogo_points.TestGogoPointsSystem" name="test_transfer_points_to_nonexistent_user" time="0.324" /><testcase classname="backend.tests.test_gogo_points.TestGogoPointsSystem" name="test_transfer_points_to_self" time="0.276" /><testcase classname="backend.tests.test_gogo_points.TestGogoPointsSystem" name="test_transfer_points_insufficient_balance" time="0.319" /><testcase classname="backend.tests.test_gogo_points.TestGogoPointsSystem" name="test_successful_points_transfer" time="0.558" /><testcase classname="backend.tests.test_gogo_points.TestGogoPointsSystem" name="test_get_other_user_points" time="0.320" /><testcase classname="backend.tests.test_gogo_points.TestGogoPointsSystem" name="test_get_nonexistent_user_points" time="0.044" /><testcase classname="backend.tests.test_gogo_points.TestAdPostPointsDeduction" name="test_ad_post_deducts_one_point" time="0.305" /><testcase classname="backend.tests.test_gogo_points.TestAdPostPointsDeduction" name="test_ad_post_fails_with_zero_points" time="0.000" /><testcase classname="backend.tests.test_gogo_points.TestSpecialAccounts" name="test_special_account_karanmandape353" time="0.259"><skipped type="pytest.skip" message="Special account not available for testing">/app/backend/tests/test_gogo_points.py:431: Special account not available for testing</skipped></testcase><testcase classname="backend.tests.test_gogo_points.TestSpecialAccounts" name="test_special_account_karanmandape123" time="0.256"><skipped type="pytest.skip" message="Special account not available for testing">/app/backend/tests/test_gogo_points.py:446: Special account not available for testing</skipped></testcase></testsuite></testsuites>